12/15/2022 04:11:29 - [INFO] - Выражение:  3 - 2 
12/15/2022 04:11:29 - [INFO] - Результат: ['1']
12/15/2022 04:11:29 - [INFO] - Выражение: 2 + 3 ( 3 - 2 )
12/15/2022 04:11:29 - [INFO] - Результат: ['5']
12/15/2022 04:11:37 - [ERROR] - Некорректное выражение 3 )
12/15/2022 04:11:37 - [ERROR] - Некорректное выражение
12/15/2022 04:14:39 - [INFO] - Выражение:  3 
12/15/2022 04:14:39 - [INFO] - Результат: ['3']
12/15/2022 04:14:39 - [INFO] - Выражение: 3 - 4 ( 3 )
12/15/2022 04:14:39 - [INFO] - Результат: ['-9']
12/15/2022 04:15:03 - [INFO] - Выражение:  3 + 4 
12/15/2022 04:15:03 - [INFO] - Результат: ['7']
12/15/2022 04:15:03 - [INFO] - Выражение: 3 - 1 ( 3 + 4 ) - 2
12/15/2022 04:15:03 - [INFO] - Результат: ['-6']
12/15/2022 04:31:32 - [INFO] - Выражение: 3 - 3
12/15/2022 04:31:32 - [INFO] - Результат: ['0']
12/15/2022 04:31:42 - [INFO] - Выражение:  1 
12/15/2022 04:31:42 - [INFO] - Результат: ['1']
12/15/2022 04:31:42 - [INFO] - Выражение: 3 - 4 ( 1 )
12/15/2022 04:31:42 - [INFO] - Результат: ['-1']
12/15/2022 04:31:56 - [ERROR] - Некорректное выражение 3 - 4 )
12/15/2022 04:32:16 - [INFO] - Выражение:  4 - 1 
12/15/2022 04:32:16 - [INFO] - Результат: ['3']
12/15/2022 04:32:16 - [INFO] - Выражение: 3 + 4 ( 4 - 1 ) * 2
12/15/2022 04:32:16 - [INFO] - Результат: ['27']
